<?xml version="1.0" encoding="UTF-8"?>
<!-- Generated by org.testng.reporters.JUnitXMLReporter -->
<testsuite ignored="1" hostname="LAPTOP-5KMFOFH9" failures="0" tests="1" name="Default test" time="0.415" errors="0" timestamp="2024-12-31T22:36:03 IST">
  <testcase classname="com.ApiScenarios.SerializationDeserializationTest" name="testDeserialization" time="0.348"/>
  <testcase classname="com.ApiScenarios.SerializationDeserializationTest" name="testSerialization" time="0.0">
    <ignored/>
  </testcase> <!-- testSerialization -->
</testsuite> <!-- Default test -->
