<?xml version="1.0" encoding="UTF-8"?>
<!-- Generated by org.testng.reporters.JUnitXMLReporter -->
<testsuite ignored="2" hostname="LAPTOP-5KMFOFH9" failures="0" tests="1" name="Default test" time="3.213" errors="0" timestamp="2024-12-30T22:28:43 IST">
  <testcase classname="com.RestAPITest.APITestUsingBDD" name="validateListOfUsers" time="3.141"/>
  <testcase classname="com.RestAPITest.APITestUsingBDD" name="getSingleUser" time="0.0">
    <ignored/>
  </testcase> <!-- getSingleUser -->
  <testcase classname="com.RestAPITest.APITestUsingBDD" name="validateSingleUser" time="0.0">
    <ignored/>
  </testcase> <!-- validateSingleUser -->
</testsuite> <!-- Default test -->
