<?xml version="1.0" encoding="UTF-8"?>
<testng-results ignored="0" total="1" passed="1" failed="0" skipped="0">
  <reporter-output>
  </reporter-output>
  <suite started-at="2025-01-09T22:19:47 IST" name="Default suite" finished-at="2025-01-09T22:20:01 IST" duration-ms="13632">
    <groups>
    </groups>
    <test started-at="2025-01-09T22:19:47 IST" name="Default test" finished-at="2025-01-09T22:20:01 IST" duration-ms="13632">
      <class name="com.MobileScenarios.WorkingWithApp">
        <test-method signature="testAppManagement()[pri:0, instance:com.MobileScenarios.WorkingWithApp@6cd28fa7]" started-at="2025-01-09T22:19:47 IST" name="testAppManagement" finished-at="2025-01-09T22:20:01 IST" duration-ms="13532" status="PASS">
          <reporter-output>
          </reporter-output>
        </test-method> <!-- testAppManagement -->
      </class> <!-- com.MobileScenarios.WorkingWithApp -->
    </test> <!-- Default test -->
  </suite> <!-- Default suite -->
</testng-results>
