<?xml version="1.0" encoding="UTF-8"?>
<testng-results ignored="3" total="4" passed="1" failed="0" skipped="0">
  <reporter-output>
  </reporter-output>
  <suite started-at="2025-01-02T21:24:01 IST" name="Default suite" finished-at="2025-01-02T21:24:05 IST" duration-ms="4449">
    <groups>
    </groups>
    <test started-at="2025-01-02T21:24:01 IST" name="Default test" finished-at="2025-01-02T21:24:05 IST" duration-ms="4449">
      <class name="com.ApiScenarios.AuthenticationTest">
        <test-method signature="OAuth2Test()[pri:0, instance:com.ApiScenarios.AuthenticationTest@a530d0a]" started-at="2025-01-02T21:24:01 IST" name="OAuth2Test" finished-at="2025-01-02T21:24:05 IST" duration-ms="4387" status="PASS">
          <reporter-output>
          </reporter-output>
        </test-method> <!-- OAuth2Test -->
      </class> <!-- com.ApiScenarios.AuthenticationTest -->
    </test> <!-- Default test -->
  </suite> <!-- Default suite -->
</testng-results>
